[    0.00000] Linux version 415.0-115geneic (uild@lgw01-ad64-037 (gcc vrsion7.5.0 Ubuntu7.5.0-3ubuntu1~18.04)) #116-Ubuntu SMP Wed Aug 26 14:04:49 UTC 2020 (Ubuntu 4.15.0-115.116-generic 4.15.18)
[    0.000000] Command line: BOOT_IMAGE=/boot/vmlinuz-4.15.0-115-generic root=UUID=6d1c383c-39d5-4f00-a7aa-122d162d6429 ro console=tty1 console=ttyS0
[    0.00000] KERNE suppoted cpus:
[   0.000000]   Intel GenuineIntel
[    0.000000]   AMD AuthenticAMD
[    0.000000]   Centaur CentaurHauls
[    0.000000] x86/fpu: Supporting XSAVE feature 0x001: 'x87 floating point registers'
[    0.000000] x86/fpu: Supporting XSAVE feature 0x002: 'SSE registers'
[    0.000000] x86/fpu: Supporting XSAVE feature 0x004: 'AVX registers'
[    0.000000] x86/fpu: xstate_offfset[2]:  576, xstate_sizes[2]:  256
[    0.000000] x86/fpu: Enabled xstate features 0x7, context size is 832 bytes, using 'standard' format.
[    0.000000 e820: BIOS-provided physical RAM map:
[    0.000000] BIOS-e820: [mem 0x0000000000000000-0x000000000009fbff] usable
[    0.000000] BIOS-e820: [mem 0x000000000009fc00-0x000000000009ffff] reserrved
[    0.000000] BIOS-e820: [mem 0x00000000000f0000-0x00000000000fffff] reserved
[    0.000000] BIOS-e820: [mem 0x0000000000100000-0x000000003ffeffff] usable
[    0.000000] BIOS-e820: [mem 0x000000003fff0000-0x000000003fffffff] ACPI data
[    0000000 BIOS-e820 [mem 0x0000000fe0000-0x0000000fec00fff] reserved
[    0.000000] BOS-e820 [mem 0x000000fee0000-0x0000000fee00ff] eserved
[    0000000] BIOS-e820: [mem 0x0000000fffc000-0x00000000ffffffff] reserved
[    0.000000] NX (Excute Disable) protection: active
[    0.000000] SMBIOS 2.5 preset.
[    0.000000] DMI: innotek GmbH VirtualBox/VirtualBox, BIOS VirtualBox 12/01/2006
[    0.000000 Hypervior deteced: VM
[    0.000000]e820:last_pfn = 0x3fff0 max_arch_pfn = 0x400000000
[    0.000000] MTRR: Disabled
[    0.000000] x86/PAT: MTRRs disabled, skipping PAT initialization too.
[    0.000000] CPU MTRRs all bank - irtualied system.
[    0.00000] x86PAT: Configurtion [0-]: WB  W  UC- C  WB  W  UC UC  
[    0.000000] found SMP MP-table at [me 0x009fff0-0x0009ffff]
[    0.000000] Scanning 1 areas for low memory corruption
[    0.00000] RAMDISK: [mem 0x35961000-0x36ca7fff]
[    0.000000] ACPI: Early table checksum verification disabled
[    0.000000] ACPI: RSDP 0x00000000000E000 00004 (v02 VBX  )
    0.00000 ACP: XSDT 0x00000003FFF003 00003C (v01 VBO   VBOXXSDT 000000 ASL  0000061)
[    0.00000] ACI: FAC 0x00000003FFF000 000F4 (v04 VBOX   VBXFACP 00000001 ASL  00000061
[    0.000000] ACPI: DSDT 0x000000003FFF0470 0021FF (v02 VBOX   VBOXBIOS 00000002 INTL 20100528)
[    0.000000] ACPI: FACS 0x000000003FFF0200 000040
[    0.000000] ACPI: FACS 0x000000003FFF0200 000040
[    0.000000] ACPI: APIC 0x000000003FFF0240 00005C (v02 VBOX   VBOXAPIC 00000001 ASL  00000061)
[    0.000000] ACPI: SSDT 0x000000003FFF02A0 0001CC (v01 VBOX   VBOXCPUT 00000002 INTL 20100528)
[    0.000000] No NUMA configuration found
[   0.00000] Fakig a ode at [me 0x0000000000000000-0x000000003ffeffff]
[    0.000000] NODE_DATA(0) allocated [mem 0x3ffc5000-0x3ffeffff]
[    0.00000] kvmclock:cpu 0 msr 0:3ff44001, primary cpu lock
[   0.000000 kvm-clock: Using msrs 4564d01 nd 4b564d00
[   0.00000] kvmclock: usingsched offset of 4905705650 cycles
[    0.000000] clocksource: kvm-clock: mask: 0xfffffffffffffff max_cycles: 0x1cd42e4dffb, max_idle_ns: 881590591483 ns
[    0.000000] Zone ranges:
[    0000000]  DMA      mem 0x00000000001000-0x000000000ffffff]
    0.000000]   DA32    [mem 0x000000001000000-0x000000003ffffff
[    0.000000]   Normal   empty
[    0.000000]   Device   empty
[    0.000000] Movable zone start for each node
[    0.00000] Earlymemoy node ranges
[    0.000000]   node   0: [mem 0x0000000000001000-0x000000000009efff]
[   0.000000]   node  0: [mm 0x00000000010000-0x000000003ffeffff]
[    0.000000] Reserved but unavailable: 98 pags
[    0.000000] Initmem setup node0  [me 0x000000000000100-0x00000003ffefff]
[    0.000000 ACPI:PM-Timer IO Port: 0x4008
[    0.000000] IOAPIC[0]: apic_id 2, version 32, address 0xfec00000, GSI 0-23
[    0.000000] ACPI: INT_SRC_OVR (bus 0 bus_irq 0 global_irq 2 dfl dl)
[   0.00000] ACPI: INT_SRC_OR (bs 0 bus_rq 9 gloal_irq 9 low evel)
[    0.000000] Using ACPI (MADT) fr SMP configration informatio
[    0.000000] smpoot: Alloing 2 CPUs, 0 hotlug CPUs
[    0.000000] PM: Registered nosave memory: [mem 0x00000000-0x00000fff]
[    0.000000] PM: Registered nosave emory: [mem 0x0009f000-0x0009fff]
[    0.000000] PM: Registered nsave memoy: [me 0x000a000-0x00effff
[    0.000000] P: Regitered nosve memory [mem 0x000f0000-0x00fffff]
[   0.000000] e820: [[mem 0x4000000-0xfbfffff] available for PCI devics
[   0.000000] Booting paravirtualized kernel on KVM
[    0.000000] clocksource: refined-jiffies: mask: 0xffffffff mx_cycles: 0xffffffff, max_idlens: 764551960211568 ns
[    0.000000] random: get_rndom_btes caled from tart_kernl+0x99/0x500 with crng_init=0
[    0.000000] setup_percpu: NR_CPUS:8192 nr_cpumask_bits2 nr_cpu_ids:2 nr_node_ids:1
[    0.000000] percpu: Embedded 5 pages/cpu s147456 r8192 d28672 u1048576
[   0.000000] PV qsinlock hash table ntries: 256 (order: 0, 4096 bytes)
[    0.000000] Built 1 onelists, mobiliy groupingon.  Totl paes: 257913
[    0.000000] Policy zone: DMA32
[    0.000000] Kernel command line: BOOT_IMAGE=/bot/vmlinuz-.15.0-15-geneic root=UID=6d1383c-39d54f00-aaa-122d162d642 ro consoe=tty1 console=tyS0
[    0000000] Mmory: 982508/1048120K aailable (2300K ernel code, 2481 rwdata, 472K rodata 2436K init, 2724K bss, 65612K resrved, 0Kcma-reseved)
[   0.00000] SUB: HWalig=64, Orer=0-3 MinObjets=0, CPUs2, Nods=1
[    0.00000] Kernl/Uer page tables soatin: enable
[    0000000] ftrace: allocating 39392 entries in 154 pages
[    0.004000] Hierarchical RCU implementation.
[    0.004000] 	RCU restricting CPUs from NR_CPUS=8192 to nr_cpu_ids=2.
[    0.004000] 	Tasks RCU enabled.
[    0.004000] RCU: Adjusting geometry for rcu_fanout_leaf=16, nr_cpu_ids=2
[    0.004000] NR_IRQS: 524544, nr_irqs: 440, prealloated irqs: 16
[    0004000] Cosole: colour VGA+ 80x25
[    0.04000] console [tty1] enabled
[    0.004000] console [ttyS0] enabled
[    0.004000] ACPI: Core revision 20170831
[    0.004000] ACPI: 2 ACPI AL tables successfully acquired and loaded
[   0.004000] APIC: Switch to symmetric I/O mode setup
[    0.004822] x2apic enabled
[    0.008012] Switched APIC routing to physical x2apic.
[    0.013792] ..TIMER: vector=0x30 apic1=0 pin1=2 apic2=-1 pin2=-1
[    0.016009] tsc: Detected 2304.000 MHz processor
[    0.020019] Calibrating delay loop (skipped) preset value.. 4608.00 BogoMIPS (lpj=9216000)
[    0.024010] pid_max: default: 32768 minimum: 301
[    0.028100] Security Framework initialized
[    0.032011] Yama: becoming mindful.
[    0.036054] AppArmor: AppArmor initialized
[    0.044188] Dentry cache hash table entries: 131072 (order: 8, 1048576 bytes)
[    0.048103] Inode-cache hash table entries: 65536 (order: 7, 524288 bytes)
[    0.052048] Mount-cache hash table entries: 2048 (order: 2, 16384 bytes)
[    0.056031] Mountpoint-cache hash table entries: 2048 (order: 2, 16384 bytes)
[    0.060806] Last level iTLB entries: 4KB 64, 2MB 8, 4MB 8
[    0.064016] Last level dTLB entries: 4KB 64, 2MB 0, 4MB 0, 1GB 4
[    0.068009] Spectre V1 : Mitigation: usercopy/swapgs barriers and __user pointer sanitization
[    0.072012] Spectre V2 : Mitigation: Full generic retpoline
[    0.076010] Spectre V2 : Spectre v2 / SpectreRSB mitigation: Filling RSB on context switch
[    0.080007] Speculative Store Bypass: Vulnerable
[    0.084079] SRBDS: Unknown: Dependent on hypervisor status
[    0.088013] MDS: Vulnerable: Clear CPU buffers attempted, no microcode
[    0.092490] Freeing SMP alternatives memory: 36K
[    0.210431] smpboot: CPU0: Intel(R) Core(TM) i5-8259U CPU @ 2.30GHz (family: 0x6, model: 0x8e, stepping: 0xa)
[    0.212129] Performance Events: unsupported p6 CPU model 142 no PMU driver, software events only.
[    0.216096] Hierarchical SRCU implementation.
[    0.221053] NMI watchdog: Perf event create on CPU 0 failed with -2
[    0.224009] NMI watchdog: Perf NMI watchdog permanently disabled
[    0.228126] smp: Bringing up secondary CPUs ...
[    0.232619] x86: Booting SMP configuration:
[    0.236019] .... node  #0, CPUs:      #1
[    0.004000] kvm-clock: cpu 1, msr 0:3ff44041, secondary cpu clock
[    0.291157] smp: Brought up 1 node, 2 CPUs
[    0.292016] smpboot: Max logical packages: 1
[    0.296011] smpboot: Total of 2 processors activated (9216.00 BogoMIPS)
[    0.300646] devtmpfs: initialized
[    0.304140] x86/mm: Memory block size: 128MB
[    0.306226] evm: security.selinux
[    0.308013] evm: security.SMACK64
[    0.312007] evm: security.SMACK64EXEC
[    0.313510] evm: security.SMACK64TRANSMUTE
[    0.316008] evm: security.SMACK64MMAP
[    0.317629] evm: security.apparmor
[    0.320036] evm: security.ima
[    0.324008] evm: security.capability
[    0.332287] clocksource: jiffies: mask: 0xffffffff max_cycles: 0xffffffff, max_idle_ns: 7645041785100000 ns
[    0.336025] futex hash table entries: 512 (order: 3, 32768 bytes)
[    0.344040] pinctrl core: initialized pinctrl subsystem
[    0.348227] RTC time:  0:59:49, date: 09/07/20
[    0.352370] NET: Registered protocol family 16
[    0.356154] audit: initializing netlink subsys (disabled)
[    0.358592] audit: type=2000 audit(1599440380.668:1): state=initialized audit_enabled=0 res=1
[    0.368020] cpuidle: using governor ladder
[    0.372052] cpuidle: using governor menu
[    0.373826] ACPI: bus type PCI registered
[    0.376006] acpiphp: ACPI Hot Plug PCI Controller Driver version: 0.5
[    0.380243] PCI: Using configuration type 1 for base access
[    0.390004] HugeTLB registered 2.00 MiB page size, pre-allocated 0 pages
[    0.392257] ACPI: Added _OSI(Module Device)
[    0.396010] ACPI: Added _OSI(Processor Device)
[    0.397836] ACPI: Added _OSI(3.0 _SCP Extensions)
[    0.400021] ACPI: Added _OSI(Processor Aggregator Device)
[    0.402194] ACPI: Added _OSI(Linux-Dell-Video)
[    0.404010] ACPI: Added _OSI(Linux-Lenovo-NV-HDMI-Audio)
[    0.406543] ACPI: Added _OSI(Linux-HPI-Hybrid-Graphics)
[    0.408719] ACPI: Executed 1 blocks of module-level executable AML code
[    0.420856] ACPI: Interpreter enabled
[    0.422375] ACPI: (supports S0 S5)
[    0.424006] ACPI: Using IOAPIC for interrupt routing
[    0.426591] PCI: Using host bridge windows from ACPI; if necessary, use "pci=nocrs" and report a bug
[    0.428465] ACPI: Enabled 2 GPEs in block 00 to 07
[    0.446740] ACPI: PCI Root Bridge [PCI0] (domain 0000 [bus 00-ff])
[    0.448025] acpi PNP0A03:00: _OSC: OS supports [ASPM ClockPM Segments MSI]
[    0.452111] acpi PNP0A03:00: _OSC: not requesting OS control; OS requires [ExtendedConfig ASPM ClockPM MSI]
[    0.456062] acpi PNP0A03:00: fail to add MMCONFIG information, can't access extended PCI configuration space under this bridge.
[    0.464880] PCI host bridge to bus 0000:00
[    0.466502] pci_bus 0000:00: root bus resource [io  0x0000-0x0cf7 window]
[    0.468012] pci_bus 0000:00: root bus resource [io  0x0d00-0xffff window]
[    0.472013] pci_bus 0000:00: root bus resource [mem 0x000a0000-0x000bffff window]
[    0.476010] pci_bus 0000:00: root bus resource [mem 0x40000000-0xfdffffff window]
[    0.480014] pci_bus 0000:00: root bus resource [bus 00-ff]
[    0.492455] pci 0000:00:01.1: legacy IDE quirk: reg 0x10: [io  0x01f0-0x01f7]
[    0.496014] pci 0000:00:01.1: legacy IDE quirk: reg 0x14: [io  0x03f6]
[    0.500011] pci 0000:00:01.1: legacy IDE quirk: reg 0x18: [io  0x0170-0x0177]
[    0.504019] pci 0000:00:01.1: legacy IDE quirk: reg 0x1c: [io  0x0376]
[    0.543148] pci 0000:00:07.0: quirk: [io  0x4000-0x403f] claimed by PIIX4 ACPI
[    0.544046] pci 0000:00:07.0: quirk: [io  0x4100-0x410f] claimed by PIIX4 SMB
[    0.567790] ACPI: PCI Interrupt Link [LNKA] (IRQs 5 9 10 *11)
[    0.568613] ACPI: PCI Interrupt Link [LNKB] (IRQs 5 9 *10 11)
[    0.572252] ACPI: PCI Interrupt Link [LNKC] (IRQs 5 *9 10 11)
[    0.576296] ACPI: PCI Interrupt Link [LNKD] (IRQs 5 9 10 *11)
[    0.580639] SCSI subsystem initialized
[    0.582207] pci 0000:00:02.0: vgaarb: setting as boot VGA device
[    0.582327] pci 0000:00:02.0: vgaarb: VGA device added: decodes=io+mem,owns=io+mem,locks=none
[    0.584009] pci 0000:00:02.0: vgaarb: bridge control possible
[    0.586128] vgaarb: loaded
[    0.588072] ACPI: bus type USB registered
[    0.592051] usbcore: registered new interface driver usbfs
[    0.596037] usbcore: registered new interface driver hub
[    0.600037] usbcore: registered new device driver usb
[    0.602028] EDAC MC: Ver: 3.0.0
[    0.604566] PCI: Using ACPI for IRQ routing
[    0.608726] NetLabel: Initializing
[    0.610078] NetLabel:  domain hash size = 128
[    0.612004] NetLabel:  protocols = UNLABELED CIPSOv4 CALIPSO
[    0.614245] NetLabel:  unlabeled traffic allowed by default
[    0.616137] clocksource: Switched to clocksource kvm-clock
[    .642555] VFS: Disk quotas dquot_6.60
[    0.713150] VFS: Dquot-cache hash able entries: 512 (order 0, 4096 bytes
   0.78740] AppArmor: ApArorFilesyemEnaled
[   .10904] pnp: PnPCPI init
[   1.367314] pnp: PnP ACPI: found 3 deics

[    1.489596] clocksource: acpi_pm: mask: 0xffffff max_cycles: 0xffffff, max_idle_ns: 2085701024 ns
[    1.493414] NET: Registered protocol family 2
[    1.495343] TCP established hash table entries: 8192 (order: 4, 65536 bytes)
[    1.498070] TCP bind hash table entries: 8192 (order: 5, 131072 bytes)
[    1.505019] TCP: Hash tables configured (established 8192 bind 8192)
[    1.507480] UDP hash table entries: 512 (order: 2, 16384 bytes)
[    1.509784] UDP-Lite hash table entries: 512 (order: 2,1684bytes
[    1.646134] NET: Registered protocol family 1
[    147798] pci 000:0:0.0: Limitg diret CICItrnsfs
[    .25815 pi 00:0:0.0: ctvainIS DA an wrkarond
[   .932658] pci 0000:00:0.0: Video device with shadowed ROM at [mem 0x000c0000-0x000dffff]

[    3.041482] Unpacking initramfs...
[    3.617305] Freeing initrd memory: 19740K
[    3.665457] clocksource: tsc: mask: 0xffffffffffffffff max_cycles: 0x2135f7c97c8, max_idle_ns: 440795273205 ns
[    3.696790] platform rtc_cmos: registered platform RTC device (no PNP device found)
[    3.704357] Scanning for low memory corruption every 60 seconds
[    3.722724] Initialise system trusted keyrings
[    3.725723] Key type blacklist registered
[    3.729906] workingset: timestamp_bits=36 max_order=18 bucket_order=0
[    3.737472] zbud: loaded
[    3.739483] squashfs: version 4.0 (2009/01/31) Phillip Lougher
[    3.745997] fuse init (API version 7.26)
[    3.777332] Key type asymmetric registered
[    3.788245] Asymmetric key parser 'x509' registered
[    3.792190] Block layer SCSI generic (bsg) driver version 0.4 loaded (major 246)
[    3.795098] io scheduler noop registered
[    3.796651] io scheduler deadline registered
[    3.798457] io scheduler cfq registered (default)
[    3.804196] ACPI: AC Adapter [AC] (on-line)
[    3.805968] input: Power Button as /devices/LNXSYSTM:00/LNXPWRBN:00/input/input0
[    3.809363] ACPI: Power Button [PWRF]
[    3.816072] input: Sleep Button as /devices/LNXSYSTM:00/LNXSLPBN:00/input/input1
[    3.820885] ACPI: Sleep Button [SLPF]
[    3.823125] Serial: 8250/16550 driver, 32 ports, IRQ sharing enabled
[    3.825991] ACPI: Battery Slt BA0] (batey prset)

[    4.141936] 00:02: ttyS0 at I/O 0x3f8 (irq = 4, base_baud = 115200) is a 16550A
[    4.160955] Linux agpgart interface v0.103
[    4.168424] loop: module loaded
[    4.173324] scsi host0: ata_piix
[    4.176169] scsi host1: ata_piix
[    4.178917] ata1: PATA max UDMA/33 cmd 0x1f0 ctl 0x3f6 bmdma 0xd000 irq 14
[    4.184157] ata2: PATA max UDMA/33 cmd 0x170 ctl 0x376 bmdma 0xd008 irq 15
[    4.189361] libphy: Fixed MDIO Bus: probed
[    4.192311] tun: Universal TUN/TAP device driver, 1.6
[    4.196640] PPP generic driver version 2.4.2
[    4.199699] ehci_hcd: USB 2.0 'Enhanced' Host Controller (EHCI) Driver
[    4.210478] ehci-pci: EHCI PCI platform driver
[    4.215031] ehci-platform: EHCI generic platform driver
[    4.219845] ohci_hcd: USB 1.1 'Open' Host Controller (OHCI) Driver
[    4.229838] ohci-pci: OHCI PCI platform driver
[    4.232809] ohci-platform: OHCI generic platform driver
[    4.237278] uhci_hcd: USB Universal Host Controller Interface driver
[    4.242936] i8042: PNP: PS/2 Controller [PNP0303:PS2K,PNP0f03:PS2M] at 0x60,0x64 irq 1,12
[    4.247919] serio: i8042 KBD port at 0x60,0x64 irq 1
[    4.250270] serio: i8042 AUX port at 0x60,0x64 irq 12
[    4.252353] mousedev: PS/2 mouse device common for all mice
[    4.254841] input: AT Translated Set 2 keyboard as /devices/platform/i8042/serio0/input/input2
[    4.258791] rtc_cmos rtc_cmos: rtc core: registered rtc_cmos as rtc0
[  434543]rt_cmosrt_cos alarms up to one day, 114 bytes nvram
[    4.721719] i2c /dev entries driver
[    4.723199] device-mapper: uevent: version 1.0.3
[    4.725235] device-mapper: ioctl: 4.37.0-ioctl (2017-09-20) initialised: dm-devel@redhat.com
[    4.728473] ledtrig-cpu: registered to indicate activity on CPUs
[    4.732186] NET: Registered protocol family 10
[    4.828940] Segment Routing with IPv6
[    4.889286] NET: Registered protocol family 17
[    4.968290] Key type dns_resolver registered
[    4.977937] mce: Using 0 MCE banks
[    4.979396] RAS: Correctable Errors collector initialized.
[    4.981471] sched_clock: Marking stable (4981435104, 0)->(20738637916, -15757202812)
[    4.991147] registered taskstats version 1
[    5.053373] Loading compiled-in X.509 certificates
[    5.083018] Loaded X.509 cert 'Build time autogenerated kernel key: 4655b2c914ed6b33eca2e2b4a955f269ad793254'
[    5.234868] zswap: loaded using pool lzo/zbud
[    5.243986] Key type big_key registered
[    5.284341] Key type trusted registered
[    5.320986] Key type encrypted registered
[    5.326252] AppArmor: AppArmor sha1 policy hashing enabled
[    5.328931] ima: No TPM chip found, activating TPM-bypass! (rc=-19)
[    5.332385] ima: Allocated hash algorithm: sha1
[    5.335123] evm: HMAC attrs: 0x1
[    5.337540]   Magic number: 4:981:960
[    5.339617] rtc_cmos rtc_cmos: setting system clock to 2020-09-07 00:59:55 UTC (1599440395)
[    5.346746] BIOS EDD facility v0.16 2004-Jun-25, 0 devices found
[    5.350622] EDD information not available.
[    5.357791] Freeing unused kernel image memory: 2436K
[    5.384369] Write protecting the kernel read-only data: 20480k
[    5.389430] Freeing unused kernel image memory: 2008K
[    5.392690] Freeing unused kernel image memory: 1872K
[    5.407050] x86/mm: Checked W+X mappings: passed, no W+X pages found.
[    5.758916] x86/mm: Checking user space page tables
[    7.295929] x86/mm: Checked W+X mappings: passed, no W+X pages found.
Loading, please wait...
starting version 237
[    9.090919] e1000: Intel(R) PRO/1000 Network Driver - version 7.3.21-k8-NAPI
[    9.175437] e1000: Copyright (c) 1999-2006 Intel Corporation.
[    9.247255] Fusion MPT base driver 3.04.20
[    9.295632] Copyright (c) 1999-2008 LSI Corporation
[    9.327411] Fusion MPT SPI Host driver 3.04.20
[    9.335593] mptbase: ioc0: Initiating bringup
[    9.349122] AVX2 version of gcm_enc/dec engaged.
[    9.376952] AES CTR mode by8 optimization enabled
[    9.465383] ioc0: LSI53C1030 A0: Capabilities={Initiator}
[   10.108936] input: ImExPS/2 Generic Explorer Mouse as /devices/platform/i8042/serio1/input/input4
[   10.357382] scsi host2: ioc0: LSI53C1030 A0, FwRev=00000000h, Ports=1, MaxQ=256, IRQ=20
[   10.541399] scsi 2:0:0:0: Direct-Access     VBOX     HARDDISK         1.0  PQ: 0 ANSI: 5
[   10.584162] scsi target2:0:0: Beginning Domain Validation
[   10.614442] scsi target2:0:0: Domain Validation skipping write tests
[   10.637679] scsi target2:0:0: Ending Domain Validation
[   10.641478] scsi target2:0:0: asynchronous
[   10.647267] random: fast init done
[   10.651014] scsi 2:0:1:0: Direct-Access     VBOX     HARDDISK         1.0  PQ: 0 ANSI: 5
[   11.020397] scsi target2:0:1: Beginning Domain Validation
[   11.061569] e1000 0000:00:03.0 eth0: (PCI:33MHz:32-bit) 02:2f:73:ea:27:92
[   11.077875] random: systemd-udevd: uninitialized urandom read (16 bytes read)
[   11.092621] e1000 0000:00:03.0 eth0: Intel(R) PRO/1000 Network Connection
[   11.115272] random: systemd-udevd: uninitialized urandom read (16 bytes read)
[   11.126825] random: systemd-udevd: uninitialized urandom read (16 bytes read)
[   11.137576] scsi target2:0:1: Domain Validation skipping write tests
[   11.140666] scsi target2:0:1: Ending Domain Validation
[   11.143480] scsi target2:0:1: asynchronous
[   11.156299] sd 2:0:0:0: [sda] 20971520 512-byte logical blocks: (10.7 GB/10.0 GiB)
[   11.160912] sd 2:0:0:0: Attached scsi generic sg0 type 0
[   11.163826] sd 2:0:0:0: [sda] Write Protect is off
[   11.168008] sd 2:0:0:0: [sda] Incomplete mode parameter data
[   11.172531] sd 2:0:0:0: [sda] Assuming drive cache: write through
[   11.183358] sd 2:0:1:0: Attached scsi generic sg1 type 0
[   11.191215] sd 2:0:1:0: [sdb] 20480 512-byte logical blocks: (10.5 MB/10.0 MiB)
[   11.195623]  sda: sda1
[   11.197650] sd 2:0:1:0: [sdb] Write Protect is off
[   11.204489] sd 2:0:1:0: [sdb] Incomplete mode parameter data
[   11.241090] sd 2:0:1:0: [sdb] Assuming drive cache: write through
[   11.341852] sd 2:0:0:0: [sda] Attached SCSI disk
[   11.354793] sd 2:0:1:0: [sdb] Attached SCSI disk
[   11.741767] e1000 0000:00:08.0 eth1: (PCI:33MHz:32-bit) 08:00:27:af:f0:b5
[   12.291518] e1000 0000:00:08.0 eth1: Intel(R) PRO/1000 Network Connection
[   12.332241] e1000 0000:00:08.0 enp0s8: renamed from eth1
[   12.349537] e1000 0000:00:03.0 enp0s3: renamed from eth0
Begin: Loading essential drivers ... [   14.052194] raid6: sse2x1   gen()  4445 MB/s
[   14.144666] raid6: sse2x1   xor()  4147 MB/s
[   14.224612] raid6: sse2x2   gen()  6870 MB/s
[   14.348380] raid6: sse2x2   xor()  5386 MB/s
[   14.464241] raid6: sse2x4   gen()  8977 MB/s
[   14.576222] raid6: sse2x4   xor()  5478 MB/s
[   14.624474] raid6: avx2x1   gen() 12135 MB/s
[   14.672293] raid6: avx2x1   xor()  8016 MB/s
[   14.748272] raid6: avx2x2   gen() 15010 MB/s
[   14.860691] raid6: avx2x2   xor()  9786 MB/s
[   14.932378] raid6: avx2x4   gen() 15489 MB/s
[   15.004690] raid6: avx2x4   xor() 10012 MB/s
[   15.042445] raid6: using algorithm avx2x4 gen() 15489 MB/s
[   15.076838] raid6: .... xor() 10012 MB/s, rmw enabled
[   15.117723] raid6: using avx2x2 recovery algorithm
[   15.183266] xor: automatically using best checksumming function   avx       
[   15.213080] async_tx: api initialized (async)
done.
Begin: Running /scripts/init-premount ... done.
Begin: Mounting root file system ... Begin: Running /scripts/local-top ... done.
Begin: Running /scripts/local-premount ... [   15.332553] Btrfs loaded, crc32c=crc32c-intel
Scanning for Btrfs filesystems
done.
Warning: fsck not present, so skipping root file[   15.422928] EXT4-fs (sda1): INFO: recovery required on readonly filesystem
 system
[   15.432718] EXT4-fs (sda1): write access will be enabled during recovery
[   15.579429] EXT4-fs (sda1): orphan cleanup on readonly fs
[   15.615472] EXT4-fs (sda1): 1 orphan inode deleted
[   15.650674] EXT4-fs (sda1): recovery complete
[   15.691779] EXT4-fs (sda1): mounted filesystem with ordered data mode. Opts: (null)
done.
Begin: Running /scripts/local-bottom ... done.
Begin: Running /scripts/init-bottom ... done.
[   15.994195] ip_tables: (C) 2000-2006 Netfilter Core Team
[   16.347335] systemd[1]: systemd 237 running in system mode. (+PAM +AUDIT +SELINUX +IMA +APPARMOR +SMACK +SYSVINIT +UTMP +LIBCRYPTSETUP +GCRYPT +GNUTLS +ACL +XZ +LZ4 +SECCOMP +BLKID +ELFUTILS +KMOD -IDN2 +IDN -PCRE2 default-hierarchy=hybrid)
[   20.705281] systemd[1]: Detected virtualization oracle.
[   20.742533] systemd[1]: Detected architecture x86-64.

Welcome to [1mUbuntu 18.04.1 LTS[0m!

[   20.819741] systemd[1]: Set hostname to <ubuntu-bionic>.
[   21.419789] random: crng init done
[   21.458606] random: 7 urandom warning(s) missed due to ratelimiting
[   21.924524] systemd[1]: Set up automount Arbitrary Executable File Formats File System Automount Point.
[[0;32m  OK  [0m] Set up automount Arbitrary Executab…rmats File System Automount Point.
[   21.972930] systemd[1]: Started Forward Password Requests to Wall Directory Watch.
[[0;32m  OK  [0m] Started Forward Password Requests to Wall Directory Watch.
[   22.035587] systemd[1]: Created slice System Slice.
[[0;32m  OK  [0m] Created slice System Slice.
[   22.065158] systemd[1]: Listening on Journal Socket (/dev/log).
[[0;32m  OK  [0m] Listening on Journal Socket (/dev/log).
[   22.116625] systemd[1]: Listening on Device-mapper event daemon FIFOs.
[[0;32m  OK  [0m] Listening on Device-mapper event daemon FIFOs.
[   22.176444] systemd[1]: Listening on LVM2 poll daemon socket.
[[0;32m  OK  [0m] Listening on LVM2 poll daemon socket.
[   22.212910] systemd[1]: Created slice User and Session Slice.
[[0;32m  OK  [0m] Created slice User and Session Slice.
[   22.252482] systemd[1]: Reached target System Time Synchronized.
[[0;32m  OK  [0m] Reached target System Time Synchronized.
[   22.312730] systemd[1]: Listening on Network Service Netlink Socket.
[[0;32m  OK  [0m] Listening on Network Service Netlink Socket.
[   22.366536] systemd[1]: Listening on Syslog Socket.
[[0;32m  OK  [0m] Listening on Syslog Socket.
[[0;32m  OK  [0m] Created slice system-serial\x2dgetty.slice.
[[0;32m  OK  [0m] Listening on udev Control Socket.
[[0;32m  OK  [0m] Listening on /dev/initctl Compatibility Named Pipe.
[[0;32m  OK  [0m] Reached target Swap.
[[0;32m  OK  [0m] Listening on udev Kernel Socket.
[[0;32m  OK  [0m] Listening on LVM2 metadata daemon socket.
[[0;32m  OK  [0m] Reached target User and Group Name Lookups.
[[0;32m  OK  [0m] Listening on Journal Socket.
         Mounting Huge Pages File System...
         Starting udev Coldplug all Devices...
         Starting Monitoring of LVM2 mirrors…ng dmeventd or progress polling...
         Mounting POSIX Message Queue File System...
         Starting Uncomplicated firewall...
         Starting Remount Root and Kernel File Systems...[   22.769375] EXT4-fs (sda1): re-mounted. Opts: (null)

         Starting Load Kernel Modules...
         Starting Create [   22.948522] Loading iSCSI transport class v2.0-870.
list of required st…ce nodes for the current kernel...
         Mounting Kernel Debug File System...
         Starting Set the console keyboard layout...
[[0;32m  OK  [0m] Reached target Slices.
[[0;32m  OK  [0[   23.047037] iscsi: registered transport (tcp)
m] Listening on Journal Audit Socket.
         Starting Journal Service...
[[0;32m  OK  [0m] Mounted Huge Pages File System.
[[0;32m  OK  [0m] Mounted POSIX Message Queue File System.
[[0;32m  OK  [0m] Started Uncomplicated firewall.
[[0;32m  OK  [0m] Started Remount Root and Kernel File Systems.
[[0;32m  OK  [0m] Started Creat[   23.228452] iscsi: registered transport (iser)
e list of required sta…vice nodes for the current kernel.
[[0;32m  OK  [0m] Started Journal Service.
[[0;32m  OK  [0m] Started Load Kernel Modules.
[[0;32m  OK  [0m] Mounted Kernel Debug File System.
[[0;32m  OK  [0m] Started Set the console keyboard layout.
[[0;32m  OK  [0m] Started udev Coldplug all Devices.
[[0;32m  OK  [0m] Started LVM2 metadata daemon.
         Starting Apply Kernel Variables...
         Mounting Kernel Configuration File System...
         Mounting FUSE Control File System...
         Starting Create Static Device Nodes in /dev...
         Starting Flush Journal to Persistent Storage...
         Starting Load/Save Random Seed...
         Starting Initial cloud-init job (pre-networking)...
[[0;32m  OK  [0m] Started Monitoring of LVM2 mirrors,…sing dmeventd or progress polling.
[[0;32m  OK  [0m] Started Apply Kernel Variables.
[[0;32m  OK  [0m] Mounted Kernel Configuration File System.
[[0;32m  OK  [0m] Mounted FUSE Control File System.
[[0;32m  OK  [0m] Started Create Static Device Nodes in /dev.
[[0;32m  OK  [0m] Started Load/Save Random Seed.
         Starting udev Kernel Device Manager...
[[0;32m  OK  [0m] Reached target Local File Systems (Pre).
[[0;32m  OK  [0m] Reached target Local File Systems.
         Starting Set console font and keymap...
         Starting Tell Plymouth To Write Out Runtime Data...
         Starting AppArmor initialization...
         Starting ebtables ruleset management...
[[0;32m  OK  [0m] Started Set console font and keymap.
[[0;32m  OK  [0m] Started Tell Plymouth To Write Out Runtime Data.
[[0;32m  OK  [0m] Started udev Kernel Device Manager.
[[0;32m  OK  [0m] Started Dispatch Password Requests to Console Directory Watch.
[[0;32m  OK  [0m] Reached target Local Encrypted Volumes.
[[0;32m  OK  [0m] Started ebtables ruleset management.
[[0;32m  OK  [0m] Started Flush Journal to Persistent Storage.
         Starting Create Volatile Files and Directories...
[[0;32m  OK  [0m] Started Create Volatile Files and Directories.
         Starting Update UTMP about System Boot/Shutdown...
[[0;32m  OK  [0m] Started Update UTMP about System Boot/Shutdown.
[[0;32m  OK  [0m] Found device /dev/ttyS0.
[[0;32m  OK  [0m] Started AppArmor initialization.
         Starting Load AppArmor profiles managed internally by snapd...
[[0;32m  OK  [0m] Started Load AppArmor profiles managed internally by snapd.
[[0;32m  OK  [0m] Listening on Load/Save RF Kill Switch Status /dev/rfkill Watch.
[   27.550328] cloud-init[440]: Cloud-init v. 18.4-0ubuntu1~18.04.1 running 'init-local' at Mon, 07 Sep 2020 01:00:17 +0000. Up 27.21 seconds.
[[0;32m  OK  [0m] Started Initial cloud-init job (pre-networking).
[[0;32m  OK  [0m] Reached target Network (Pre).
         Starting Network Service...
[[0;32m  OK  [0m] Started Network Service.
         Starting Wait for Network to be Configured...
         Starting Network Name Resolution...
[[0;32m  OK  [0m] Started Network Name Resolution.
[[0;32m  OK  [0m] Reached target Host and Network Name Lookups.
[[0;32m  OK  [0m] Reached target Network.
[[0;32m  OK  [0m] Started Wait for Network to be Configured.
         Starting Initial cloud-init job (metadata service crawler)...
[   30.377216] cloud-init[711]: Cloud-init v. 18.4-0ubuntu1~18.04.1 running 'init' at Mon, 07 Sep 2020 01:00:20 +0000. Up 30.15 seconds.
[   30.405705] cloud-init[711]: ci-info: ++++++++++++++++++++++++++++++++++++++Net device info+++++++++++++++++++++++++++++++++++++++
[   30.425565] cloud-init[711]: ci-info: +--------+------+-----------------------------+---------------+--------+-------------------+
[   30.429596] cloud-init[711]: ci-info: | Device |  Up  |           Address           |      Mask     | Scope  |     Hw-Address    |
[   30.434665] cloud-init[711]: ci-info: +--------+------+-----------------------------+---------------+--------+-------------------+
[   30.438442] cloud-init[711]: ci-info: | enp0s3 | True |          10.0.2.15          | 255.255.255.0 | global | 02:2f:73:ea:27:92 |
[   30.460882] cloud-init[711]: ci-info: | enp0s3 | True |  fe80::2f:73ff:feea:2792/64 |       .       |  link  | 02:2f:73:ea:27:92 |
[   30.488371] cloud-init[711]: ci-info: | enp0s8 | True |        192.168.33.10        | 255.255.255.0 | global | 08:00:27:af:f0:b5 |
[   30.524809] cloud-init[711]: ci-info: | enp0s8 | True | fe80::a00:27ff:feaf:f0b5/64 |       .       |  link  | 08:00:27:af:f0:b5 |
[   30.529322] cloud-init[711]: ci-info: |   lo   | True |          127.0.0.1          |   255.0.0.0   |  host  |         .         |
[   30.550506] cloud-init[711]: ci-info: |   lo   | True |           ::1/128           |       .       |  host  |         .         |
[   30.562289] cloud-init[711]: ci-info: +--------+------+-----------------------------+---------------+--------+-------------------+
[   30.574571] cloud-init[711]: ci-info: +++++++++++++++++++++++++++++Route IPv4 info+++++++++++++++++++++++++++++
[   30.579870] cloud-init[711]: ci-info: +-------+--------------+----------+-----------------+-----------+-------+
[   30.586230] cloud-init[711]: ci-info: | Route | Destination  | Gateway  |     Genmask     | Interface | Flags |
[   30.596085] cloud-init[711]: ci-info: +-------+--------------+----------+-----------------+-----------+-------+
[   30.603413] cloud-init[711]: ci-info: |   0   |   0.0.0.0    | 10.0.2.2 |     0.0.0.0     |   enp0s3  |   UG  |
[   30.608412] cloud-init[711]: ci-info: |   1   |   10.0.2.0   | 0.0.0.0  |  255.255.255.0  |   enp0s3  |   U   |
[   30.616647] cloud-init[711]: ci-info: |   2   |   10.0.2.2   | 0.0.0.0  | 255.255.255.255 |   enp0s3  |   UH  |
[   30.622054] cloud-init[711]: ci-info: |   3   | 192.168.33.0 | 0.0.0.0  |  255.255.255.0  |   enp0s8  |   U   |
[   30.627254] cloud-init[711]: ci-info: +-------+--------------+----------+-----------------+-----------+-------+
[   30.635849] cloud-init[711]: ci-info: +++++++++++++++++++Route IPv6 info+++++++++++++++++++
[   30.644308] cloud-init[711]: ci-info: +-------+-------------+---------+-----------+-------+
[   30.651096] cloud-init[711]: ci-info: | Route | Destination | Gateway | Interface | Flags |
[   30.664565] cloud-init[711]: ci-info: +-------+-------------+---------+-----------+-------+
[   30.669692] cloud-init[711]: ci-info: |   1   |  fe80::/64  |    ::   |   enp0s8  |   U   |
[   30.696557] cloud-init[711]: ci-info: |   2   |  fe80::/64  |    ::   |   enp0s3  |   U   |
[   30.703803] cloud-init[711]: ci-info: |   4   |    local    |    ::   |   enp0s3  |   U   |
[   30.709724] cloud-init[711]: ci-info: |   5   |    local    |    ::   |   enp0s8  |   U   |
[   30.713597] cloud-init[711]: ci-info: |   6   |   ff00::/8  |    ::   |   enp0s8  |   U   |
[   30.722250] cloud-init[711]: ci-info: |   7   |   ff00::/8  |    ::   |   enp0s3  |   U   |
[   30.735079] cloud-init[711]: ci-info: +-------+-------------+---------+-----------+-------+
[[0;32m  OK  [0m] Started Initial cloud-init job (metadata service crawler).
[[0;32m  OK  [0m] Reached target Network is Online.
[[0;32m  OK  [0m] Reached target Remote File Systems (Pre).
[[0;32m  OK  [0m] Reached target Remote File Systems.
         Starting Availability of block devices...
[[0;32m  OK  [0m] Reached target System Initialization.
[[0;32m  OK  [0m] Started Daily apt download activities.
[[0;32m  OK  [0m] Started Daily Cleanup of Temporary Directories.
[[0;32m  OK  [0m] Started Daily apt upgrade and clean activities.
[[0;32m  OK  [0m] Started ACPI Events Check.
         Starting Socket activation for snappy daemon.
[[0;32m  OK  [0m] Started Discard unused blocks once a week.
[[0;32m  OK  [0m] Listening on UUID daemon activation socket.
[[0;32m  OK  [0m] Reached target Paths.
[[0;32m  OK  [0m] Listening on ACPID Listen Socket.
[[0;32m  OK  [0m] Listening on Open-iSCSI iscsid Socket.
[[0;32m  OK  [0m] Started Message of the Day.
[[0;32m  OK  [0m] Reached target Timers.
         Starting LXD - unix socket.
[[0;32m  OK  [0m] Listening on D-Bus System Message Bus Socket.
[[0;32m  OK  [0m] Reached target Cloud-config availability.
[[0;32m  OK  [0m] Started Availability of block devices.
[[0;32m  OK  [0m] Listening on Socket activation for snappy daemon.
[[0;32m  OK  [0m] Listening on LXD - unix socket.
[[0;32m  OK  [0m] Reached target Sockets.
[[0;32m  OK  [0m] Reached target Basic System.
         Starting LSB: automatic crash report generation...
[[0;32m  OK  [0m] Started FUSE filesystem for LXC.
[[0;32m  OK  [0m] Started Regular background program processing daemon.
         Starting System Logging Service...
         Starting LXD - container startup/shutdown...
         Starting LSB: Record successful boot for GRUB...
         Starting Permit User Sessions...
[[0;32m  OK  [0m] Started Deferred execution scheduler.
[[0;32m  OK  [0m] Started irqbalance daemon.
         Starting Snap Daemon...
[[0;32m  OK  [0m] Started D-Bus System Message Bus.
         Starting Dispatcher daemon for systemd-networkd...
         Starting vboxadd.service...
         Starting Discard unused blocks...
         Starting Accounts Service...
         Starting Login Service...
         Starting OpenBSD Secure Shell server...
[[0;32m  OK  [0m] Started System Logging Service.
[[0;32m  OK  [0m] Started LXD - container startup/shutdown.
[[0;32m  OK  [0m] Started Permit User Sessions.
[[0;32m  OK  [0m] Started Discard unused blocks.
[[0;32m  OK  [0m] Started Login Service.
[[0;32m  OK  [0m] Started OpenBSD Secure Shell server.
         Starting Authorization Manager...
[[0;32m  OK  [0m] Started Unattended Upgrades Shutdown.
         Starting Hold until boot process finishes up...
         Starting Terminate Plymouth Boot Screen...
[[0;32m  OK  [0m] Started Snap Daemon.
[[0;32m  OK  [0m] Started LSB: automatic crash report generation.
[[0;32m  OK  [0m] Started LSB: Record successful boot for GRUB.
[[0;32m  OK  [0m] Started Hold until boot process finishes up.
[[0;32m  OK  [0m] Started Terminate Plymouth Boot Screen.
[[0;32m  OK  [0m] Started Authorization Manager.
[[0;32m  OK  [0m] Started Accounts Service.
         Starting Set console scheme...
[[0;32m  OK  [0m] Started Serial Getty on ttyS0.
         Starting Wait until snapd is fully seeded...
[[0;32m  OK  [0m] Started Set console scheme.
[[0;32m  OK  [0m] Created slice system-getty.slice.
[[0;32m  OK  [0m] Started Getty on tty1.
[[0;32m  OK  [0m] Reached target Login Prompts.
[[0;32m  OK  [0m] Started Wait until snapd is fully seeded.
         Starting Apply the settings specified in cloud-config...
[[0;32m  OK  [0m] Started Dispatcher daemon for systemd-networkd.
[[0;32m  OK  [0m] Started vboxadd.service.
         Starting vboxadd-service.service...
[[0;32m  OK  [0m] Started vboxadd-service.service.
[[0;32m  OK  [0m] Reached target Multi-User System.
[[0;32m  OK  [0m] Reached target Graphical Interface.
         Starting Update UTMP about System Runlevel Changes...
[[0;32m  OK  [0m] Started Update UTMP about System Runlevel Changes.
[   33.747516] cloud-init[1096]: Cloud-init v. 18.4-0ubuntu1~18.04.1 running 'modules:config' at Mon, 07 Sep 2020 01:00:23 +0000. Up 33.60 seconds.
[[0;32m  OK  [0m] Started Apply the settings specified in cloud-config.
         Starting Execute cloud user/final scripts...
[[0;32m  OK  [0m] Created slice User Slice of vagrant.
         Starting User Manager for UID 1000...
[[0;32m  OK  [0m] Started Session 1 of user vagrant.
[[0;32m  OK  [0m] Started User Manager for UID 1000.
[   34.925046] cloud-init[1219]: Cloud-init v. 18.4-0ubuntu1~18.04.1 running 'modules:final' at Mon, 07 Sep 2020 01:00:24 +0000. Up 34.66 seconds.
[   35.003866] cloud-init[1219]: Cloud-init v. 18.4-0ubuntu1~18.04.1 finished at Mon, 07 Sep 2020 01:00:25 +0000. Datasource DataSourceNoCloud [seed=/dev/sdb][dsmode=net].  Up 34.91 seconds
[[0;32m  OK  [0m] Started Execute cloud user/final scripts.
[[0;32m  OK  [0m] Reached target Cloud-init target.

Ubuntu 18.04.1 LTS ubuntu-bionic ttyS0

ubuntu-bionic login: 